{
  "stats": {
    "suites": 0,
    "tests": 1,
    "passes": 1,
    "pending": 0,
    "failures": 0,
    "start": "2023-07-04T04:59:37.949Z",
    "end": "2023-07-04T04:59:48.727Z",
    "duration": 10778,
    "testsRegistered": 1,
    "passPercent": 100,
    "pendingPercent": 0,
    "other": 0,
    "hasOther": false,
    "skipped": 0,
    "hasSkipped": false
  },
  "results": [
    {
      "uuid": "a9f4b779-6d2d-40d6-bd99-a59470ef5969",
      "title": "",
      "fullFile": "cypress\\e2e\\Practice\\Test1.cy.js",
      "file": "cypress\\e2e\\Practice\\Test1.cy.js",
      "beforeHooks": [],
      "afterHooks": [],
      "tests": [
        {
          "title": "Google search",
          "fullTitle": "Google search",
          "timedOut": null,
          "duration": 7360,
          "state": "passed",
          "speed": "medium",
          "pass": true,
          "fail": false,
          "pending": false,
          "context": "{\n  \"title\": \"cypress-mochawesome-reporter-videos-passed\",\n  \"value\": \"cypress\\\\e2e\\\\Practice\\\\Test1.cy.js\"\n}",
          "code": "cy.visit(\"https://google.com\");\n// cy.get('.SDkEP').type(\"Umang {enter}\");\n// cy.contains('Google Search').click();\ncy.get('.SDkEP').type(\"Umang\");\ncy.get('.gNO89b').first().click();",
          "err": {},
          "uuid": "39791214-e435-4a46-9420-114f38ffeae7",
          "parentUUID": "a9f4b779-6d2d-40d6-bd99-a59470ef5969",
          "isHook": false,
          "skipped": false
        }
      ],
      "suites": [],
      "passes": [
        "39791214-e435-4a46-9420-114f38ffeae7"
      ],
      "failures": [],
      "pending": [],
      "skipped": [],
      "duration": 7360,
      "root": true,
      "rootEmpty": false,
      "_timeout": 2000
    }
  ],
  "meta": {
    "mocha": {
      "version": "7.0.1"
    },
    "mochawesome": {
      "options": {
        "quiet": false,
        "reportFilename": "mochawesome",
        "saveHtml": false,
        "saveJson": true,
        "consoleReporter": "spec",
        "useInlineDiffs": false,
        "code": true
      },
      "version": "7.1.3"
    },
    "marge": {
      "options": {
        "overwrite": false,
        "html": false,
        "json": true,
        "reportDir": "cypress\\reports\\html\\.jsons"
      },
      "version": "6.2.0"
    }
  }
}