{
  "stats": {
    "suites": 1,
    "tests": 1,
    "passes": 0,
    "pending": 0,
    "failures": 1,
    "start": "2023-07-04T04:59:59.395Z",
    "end": "2023-07-04T05:00:23.041Z",
    "duration": 23646,
    "testsRegistered": 1,
    "passPercent": 0,
    "pendingPercent": 0,
    "other": 0,
    "hasOther": false,
    "skipped": 0,
    "hasSkipped": false
  },
  "results": [
    {
      "uuid": "73cac5cd-e569-458f-8b44-5a8b4be37671",
      "title": "",
      "fullFile": "cypress\\e2e\\Practice\\Test3.cy.js",
      "file": "cypress\\e2e\\Practice\\Test3.cy.js",
      "beforeHooks": [],
      "afterHooks": [],
      "tests": [],
      "suites": [
        {
          "uuid": "7cca1700-3a45-4517-af3e-f78ce6c1cf57",
          "title": "Test Suite",
          "fullFile": "",
          "file": "",
          "beforeHooks": [],
          "afterHooks": [],
          "tests": [
            {
              "title": "Test case",
              "fullTitle": "Test Suite Test case",
              "timedOut": null,
              "duration": 17122,
              "state": "failed",
              "speed": null,
              "pass": false,
              "fail": true,
              "pending": false,
              "context": "[\n  {\n    \"title\": \"cypress-mochawesome-reporter-videos-failed\",\n    \"value\": \"cypress\\\\e2e\\\\Practice\\\\Test3.cy.js\"\n  },\n  {\n    \"title\": \"cypress-mochawesome-reporter-screenshots\",\n    \"value\": [\n      [\n        \"\\\\Practice\\\\Test3.cy.js\\\\Test Suite -- Test case (failed).png\"\n      ]\n    ]\n  }\n]",
              "code": "cy.visit(\"https://airtable.com\");\ncy.contains(\"Sign in\").click();\ncy.get('#px-captcha').click();\ncy.get(\"#emailLogin\").type(\"test1212@yopmail.com\");\n//   if(cy.get('#passwordLogin').should('be.visible'))\nif (cy.get('#passwordLogin').should('exist')) {\n  cy.get(\"#passwordLogin\").type(\"test1234\");\n} else {\n  cy.get('.pointer').click();\n  cy.get(\"#passwordLogin\").type(\"test1234\");\n}\ncy.get(\".pointer\").click();\ncy.get('.first-initial').click();\ncy.get('.mx1 > .font-family-default').should(\"have.text\", \"test1212@yopmail.com\");",
              "err": {
                "message": "AssertionError: Timed out retrying after 4000ms: Expected to find element: `#emailLogin`, but never found it.",
                "estack": "AssertionError: Timed out retrying after 4000ms: Expected to find element: `#emailLogin`, but never found it.\n    at Context.eval (webpack:///./cypress/e2e/Practice/Test3.cy.js:8:11)",
                "diff": null
              },
              "uuid": "4fa7ced7-8d4f-4845-91b8-c6429d285546",
              "parentUUID": "7cca1700-3a45-4517-af3e-f78ce6c1cf57",
              "isHook": false,
              "skipped": false
            }
          ],
          "suites": [],
          "passes": [],
          "failures": [
            "4fa7ced7-8d4f-4845-91b8-c6429d285546"
          ],
          "pending": [],
          "skipped": [],
          "duration": 17122,
          "root": false,
          "rootEmpty": false,
          "_timeout": 2000
        }
      ],
      "passes": [],
      "failures": [],
      "pending": [],
      "skipped": [],
      "duration": 0,
      "root": true,
      "rootEmpty": true,
      "_timeout": 2000
    }
  ],
  "meta": {
    "mocha": {
      "version": "7.0.1"
    },
    "mochawesome": {
      "options": {
        "quiet": false,
        "reportFilename": "mochawesome",
        "saveHtml": false,
        "saveJson": true,
        "consoleReporter": "spec",
        "useInlineDiffs": false,
        "code": true
      },
      "version": "7.1.3"
    },
    "marge": {
      "options": {
        "overwrite": false,
        "html": false,
        "json": true,
        "reportDir": "cypress\\reports\\html\\.jsons"
      },
      "version": "6.2.0"
    }
  }
}