{
  "stats": {
    "suites": 1,
    "tests": 4,
    "passes": 4,
    "pending": 0,
    "failures": 0,
    "start": "2023-07-04T04:59:53.318Z",
    "end": "2023-07-04T04:59:55.876Z",
    "duration": 2558,
    "testsRegistered": 4,
    "passPercent": 100,
    "pendingPercent": 0,
    "other": 0,
    "hasOther": false,
    "skipped": 0,
    "hasSkipped": false
  },
  "results": [
    {
      "uuid": "fc31457a-a648-4b00-826b-2cbdb6896645",
      "title": "",
      "fullFile": "cypress\\e2e\\Practice\\Test2.cy.js",
      "file": "cypress\\e2e\\Practice\\Test2.cy.js",
      "beforeHooks": [],
      "afterHooks": [],
      "tests": [
        {
          "title": "Test Case # 3",
          "fullTitle": "Test Case # 3",
          "timedOut": null,
          "duration": 1062,
          "state": "passed",
          "speed": "fast",
          "pass": true,
          "fail": false,
          "pending": false,
          "context": "{\n  \"title\": \"cypress-mochawesome-reporter-videos-passed\",\n  \"value\": \"cypress\\\\e2e\\\\Practice\\\\Test2.cy.js\"\n}",
          "code": "cy.contains('get').click();",
          "err": {},
          "uuid": "c3c61d6a-e02b-4c3a-b594-156f57bdaa0f",
          "parentUUID": "fc31457a-a648-4b00-826b-2cbdb6896645",
          "isHook": false,
          "skipped": false
        },
        {
          "title": "Test Case # 3",
          "fullTitle": "Test Case # 3",
          "timedOut": null,
          "duration": 464,
          "state": "passed",
          "speed": "fast",
          "pass": true,
          "fail": false,
          "pending": false,
          "context": "{\n  \"title\": \"cypress-mochawesome-reporter-videos-passed\",\n  \"value\": \"cypress\\\\e2e\\\\Practice\\\\Test2.cy.js\"\n}",
          "code": "cy.contains('get').click();",
          "err": {},
          "uuid": "89a3b84a-c89b-4ca4-807e-6e02a91b49ea",
          "parentUUID": "fc31457a-a648-4b00-826b-2cbdb6896645",
          "isHook": false,
          "skipped": false
        }
      ],
      "suites": [
        {
          "uuid": "631f74d6-27ce-426f-ab76-3bc7eb840e3d",
          "title": "Test Suite # 1",
          "fullFile": "",
          "file": "",
          "beforeHooks": [],
          "afterHooks": [],
          "tests": [
            {
              "title": "Test Case # 1",
              "fullTitle": "Test Suite # 1 Test Case # 1",
              "timedOut": null,
              "duration": 521,
              "state": "passed",
              "speed": "fast",
              "pass": true,
              "fail": false,
              "pending": false,
              "context": "{\n  \"title\": \"cypress-mochawesome-reporter-videos-passed\",\n  \"value\": \"cypress\\\\e2e\\\\Practice\\\\Test2.cy.js\"\n}",
              "code": "//   cy.visit(\"https://example.cypress.io\")\ncy.contains('get').click();\ncy.get('#query-btn').should(\"contain\", \"Button\").should(\"have.class\", \"query-btn\").should(\"be.visible\").should(\"be.enabled\").invoke(\"attr\", \"id\").should(\"equal\", \"query-btn\");\nexpect(true).to.be.true;\nassert.equal(4, 4, \"Equal\");",
              "err": {},
              "uuid": "b83d7d86-763c-4324-b92c-d25cc77deb3b",
              "parentUUID": "631f74d6-27ce-426f-ab76-3bc7eb840e3d",
              "isHook": false,
              "skipped": false
            },
            {
              "title": "Test Case # 2",
              "fullTitle": "Test Suite # 1 Test Case # 2",
              "timedOut": null,
              "duration": 458,
              "state": "passed",
              "speed": "fast",
              "pass": true,
              "fail": false,
              "pending": false,
              "context": "{\n  \"title\": \"cypress-mochawesome-reporter-videos-passed\",\n  \"value\": \"cypress\\\\e2e\\\\Practice\\\\Test2.cy.js\"\n}",
              "code": "cy.contains('get').click();",
              "err": {},
              "uuid": "41f940b9-7792-4acc-bbef-be4d5ed17445",
              "parentUUID": "631f74d6-27ce-426f-ab76-3bc7eb840e3d",
              "isHook": false,
              "skipped": false
            }
          ],
          "suites": [],
          "passes": [
            "b83d7d86-763c-4324-b92c-d25cc77deb3b",
            "41f940b9-7792-4acc-bbef-be4d5ed17445"
          ],
          "failures": [],
          "pending": [],
          "skipped": [],
          "duration": 979,
          "root": false,
          "rootEmpty": false,
          "_timeout": 2000
        }
      ],
      "passes": [
        "c3c61d6a-e02b-4c3a-b594-156f57bdaa0f",
        "89a3b84a-c89b-4ca4-807e-6e02a91b49ea"
      ],
      "failures": [],
      "pending": [],
      "skipped": [],
      "duration": 1526,
      "root": true,
      "rootEmpty": false,
      "_timeout": 2000
    }
  ],
  "meta": {
    "mocha": {
      "version": "7.0.1"
    },
    "mochawesome": {
      "options": {
        "quiet": false,
        "reportFilename": "mochawesome",
        "saveHtml": false,
        "saveJson": true,
        "consoleReporter": "spec",
        "useInlineDiffs": false,
        "code": true
      },
      "version": "7.1.3"
    },
    "marge": {
      "options": {
        "overwrite": false,
        "html": false,
        "json": true,
        "reportDir": "cypress\\reports\\html\\.jsons"
      },
      "version": "6.2.0"
    }
  }
}